2018-06-11 09:18:08.442  INFO 5696 --- [main] c.guoke.cloud.wechat.WechatApplication   : Starting WechatApplication on wangxiaolong with PID 5696 (G:\SpringBoot\wechat\target\classes started by Administrator in G:\SpringBoot\wechat)
2018-06-11 09:18:08.457  INFO 5696 --- [main] c.guoke.cloud.wechat.WechatApplication   : No active profile set, falling back to default profiles: default
2018-06-11 09:18:08.560  INFO 5696 --- [main] ConfigServletWebServerApplicationContext : Refreshing org.springframework.boot.web.servlet.context.AnnotationConfigServletWebServerApplicationContext@419c5f1a: startup date [Mon Jun 11 09:18:08 CST 2018]; root of context hierarchy
2018-06-11 09:18:10.427  INFO 5696 --- [main] trationDelegate$BeanPostProcessorChecker : Bean 'org.springframework.transaction.annotation.ProxyTransactionManagementConfiguration' of type [org.springframework.transaction.annotation.ProxyTransactionManagementConfiguration$$EnhancerBySpringCGLIB$$53f51436] is not eligible for getting processed by all BeanPostProcessors (for example: not eligible for auto-proxying)
2018-06-11 09:18:11.177  INFO 5696 --- [main] o.s.b.w.embedded.tomcat.TomcatWebServer  : Tomcat initialized with port(s): 8080 (http)
2018-06-11 09:18:11.219  INFO 5696 --- [main] o.apache.catalina.core.StandardService   : Starting service [Tomcat]
2018-06-11 09:18:11.220  INFO 5696 --- [main] org.apache.catalina.core.StandardEngine  : Starting Servlet Engine: Apache Tomcat/8.5.31
2018-06-11 09:18:11.242  INFO 5696 --- [localhost-startStop-1] o.a.catalina.core.AprLifecycleListener   : The APR based Apache Tomcat Native library which allows optimal performance in production environments was not found on the java.library.path: [C:\Program Files\Java\jre1.8.0_144\bin;C:\WINDOWS\Sun\Java\bin;C:\WINDOWS\system32;C:\WINDOWS;C:/Program Files/Java/jre1.8.0_144/bin/server;C:/Program Files/Java/jre1.8.0_144/bin;C:/Program Files/Java/jre1.8.0_144/lib/amd64;D:\Python27;D:\Python27\Scripts;C:\ProgramData\Oracle\Java\javapath;C:\Program Files\Java\jdk1.8.0_144\bin;C:\Program Files\Java\jdk1.8.0_144\jre\bin;C:\Program Files (x86)\Java\jre7\bin;C:\Program Files (x86)\GtkSharp\2.12\bin;C:\Program Files\Microsoft SQL Server\110\Tools\Binn\;C:\Program Files (x86)\Microsoft SDKs\TypeScript\1.0\;C:\Program Files\Microsoft SQL Server\120\Tools\Binn\;C:\WINDOWS\system32;C:\WINDOWS;C:\WINDOWS\system32\wbem;C:\WINDOWS\system32\config\systemprofile\.dnx\bin;C:\Program Files\Microsoft DNX\Dnvm\;C:\Program Files (x86)\Windows Kits\10\Windows Performance Toolkit\;D:\AndroidSDK\sdk\tools;D:\AndroidSDK\sdk\platform-tools;D:\AndroidSDK\sdk;D:\gradle-4.3.1-bin\bin;C:\android-ndk-r10d;D:\Cocos\frameworks\cocos2d-x-3.8.1\cocos;D:\Cocos\frameworks\cocos2d-x-3.8.1\extensions;D:\Cocos\frameworks\cocos2d-x-3.8.1\external;;C:\Program Files (x86)\nodejs;C:\Program Files (x86)\VisualSVN\bin;C:\Program Files\TortoiseSVN\bin;C:\WINDOWS\System32\Wbem;C:\WINDOWS\System32\WindowsPowerShell\v1.0\;C:\usr\local\ssl\bin;C:\gnuwin32\bin;C:\gnuwin32;D:\CMake;C:\MinGW;C:\MinGW\bin;D:\Qt\Qt5.4.2\5.4\msvc2013_64_opengl;C:\usr\local\ssl;D:\Qt\Qt5.4.2\5.4\msvc2013_64_opengl\include\QtWidgets;E:\EasyClient.Net.UI\lib;C:\Program Files (x86)\VideoLAN\VLC\plugins;E:\red5-server-1.0.8-M11;C:\Program Files\Darwin Streaming Server;E:\Program Files (x86)\apache-maven-3.3.9-bin\bin;C:\Program Files (x86)\Lua\5.1;C:\Program Files (x86)\Lua\5.1\clibs;C:\Program Files (x86)\Yarn\bin;C:\Program Files\MongoDB\Server\3.4\bin;C:\Program Files (x86)\Google\Chrome\Application\;D:\apache-maven-3.5.0\bin;C:\Program Files\Common Files\Autodesk Shared\;D:\protoc-3.3.0-win32\bin;C:\Program Files\dotnet\;C:\Program Files\nodejs\;C:\Program Files\Git\cmd;C:\WINDOWS\System32\OpenSSH\;E:\Program Files\PuTTY\;C:\Ruby23\bin;D:\Cocos\frameworks\cocos2d-x-3.8.1\tools\cocos2d-console\bin;D:\Program Files\nodejs;C:\Program Files\GPAC;C:\Users\Administrator\AppData\Local\Microsoft\WindowsApps;C:\Users\Administrator\AppData\Local\Yarn\.bin;C:\Program Files (x86)\Microsoft VS Code\bin;C:\Users\Administrator\AppData\Roaming\npm;;C:\Users\Administrator\Desktop;;.]
2018-06-11 09:18:11.417  INFO 5696 --- [localhost-startStop-1] o.a.c.c.C.[Tomcat].[localhost].[/]       : Initializing Spring embedded WebApplicationContext
2018-06-11 09:18:11.650  INFO 5696 --- [localhost-startStop-1] o.s.b.w.servlet.ServletRegistrationBean  : Servlet dispatcherServlet mapped to [/]
2018-06-11 09:18:11.656  INFO 5696 --- [localhost-startStop-1] o.s.b.w.servlet.FilterRegistrationBean   : Mapping filter: 'characterEncodingFilter' to: [/*]
2018-06-11 09:18:11.657  INFO 5696 --- [localhost-startStop-1] o.s.b.w.servlet.FilterRegistrationBean   : Mapping filter: 'hiddenHttpMethodFilter' to: [/*]
2018-06-11 09:18:11.658  INFO 5696 --- [localhost-startStop-1] o.s.b.w.servlet.FilterRegistrationBean   : Mapping filter: 'httpPutFormContentFilter' to: [/*]
2018-06-11 09:18:11.659  INFO 5696 --- [localhost-startStop-1] o.s.b.w.servlet.FilterRegistrationBean   : Mapping filter: 'requestContextFilter' to: [/*]
2018-06-11 09:18:12.023  INFO 5696 --- [main] com.zaxxer.hikari.HikariDataSource       : HikariPool-1 - Starting...
2018-06-11 09:18:12.615  INFO 5696 --- [main] com.zaxxer.hikari.HikariDataSource       : HikariPool-1 - Start completed.
2018-06-11 09:18:12.683  INFO 5696 --- [main] j.LocalContainerEntityManagerFactoryBean : Building JPA container EntityManagerFactory for persistence unit 'default'
2018-06-11 09:18:16.864  INFO 5696 --- [main] j.LocalContainerEntityManagerFactoryBean : Initialized JPA EntityManagerFactory for persistence unit 'default'
2018-06-11 09:18:17.645  WARN 5696 --- [main] aWebConfiguration$JpaWebMvcConfiguration : spring.jpa.open-in-view is enabled by default. Therefore, database queries may be performed during view rendering. Explicitly configure spring.jpa.open-in-view to disable this warning
2018-06-11 09:18:18.261  INFO 5696 --- [main] o.s.j.e.a.AnnotationMBeanExporter        : Registering beans for JMX exposure on startup
2018-06-11 09:18:18.264  INFO 5696 --- [main] o.s.j.e.a.AnnotationMBeanExporter        : Bean with name 'dataSource' has been autodetected for JMX exposure
2018-06-11 09:18:18.274  INFO 5696 --- [main] o.s.j.e.a.AnnotationMBeanExporter        : Located MBean 'dataSource': registering with JMX server as MBean [com.zaxxer.hikari:name=dataSource,type=HikariDataSource]
2018-06-11 09:18:18.456  INFO 5696 --- [main] o.s.b.w.embedded.tomcat.TomcatWebServer  : Tomcat started on port(s): 8080 (http) with context path ''
2018-06-11 09:18:18.462  INFO 5696 --- [main] c.guoke.cloud.wechat.WechatApplication   : Started WechatApplication in 10.603 seconds (JVM running for 11.324)
2018-06-11 09:19:17.571  INFO 5696 --- [http-nio-8080-exec-1] o.a.c.c.C.[Tomcat].[localhost].[/]       : Initializing Spring FrameworkServlet 'dispatcherServlet'
2018-06-11 09:20:52.443  INFO 3488 --- [main] c.guoke.cloud.wechat.WechatApplication   : Starting WechatApplication on wangxiaolong with PID 3488 (G:\SpringBoot\wechat\target\classes started by Administrator in G:\SpringBoot\wechat)
2018-06-11 09:20:52.449  INFO 3488 --- [main] c.guoke.cloud.wechat.WechatApplication   : No active profile set, falling back to default profiles: default
2018-06-11 09:20:52.557  INFO 3488 --- [main] ConfigServletWebServerApplicationContext : Refreshing org.springframework.boot.web.servlet.context.AnnotationConfigServletWebServerApplicationContext@96def03: startup date [Mon Jun 11 09:20:52 CST 2018]; root of context hierarchy
2018-06-11 09:20:54.292  INFO 3488 --- [main] trationDelegate$BeanPostProcessorChecker : Bean 'org.springframework.transaction.annotation.ProxyTransactionManagementConfiguration' of type [org.springframework.transaction.annotation.ProxyTransactionManagementConfiguration$$EnhancerBySpringCGLIB$$f0776bff] is not eligible for getting processed by all BeanPostProcessors (for example: not eligible for auto-proxying)
2018-06-11 09:20:55.107  INFO 3488 --- [main] o.s.b.w.embedded.tomcat.TomcatWebServer  : Tomcat initialized with port(s): 8080 (http)
2018-06-11 09:20:55.155  INFO 3488 --- [main] o.apache.catalina.core.StandardService   : Starting service [Tomcat]
2018-06-11 09:20:55.156  INFO 3488 --- [main] org.apache.catalina.core.StandardEngine  : Starting Servlet Engine: Apache Tomcat/8.5.31
2018-06-11 09:20:55.177  INFO 3488 --- [localhost-startStop-1] o.a.catalina.core.AprLifecycleListener   : The APR based Apache Tomcat Native library which allows optimal performance in production environments was not found on the java.library.path: [C:\Program Files\Java\jre1.8.0_144\bin;C:\WINDOWS\Sun\Java\bin;C:\WINDOWS\system32;C:\WINDOWS;C:/Program Files/Java/jre1.8.0_144/bin/server;C:/Program Files/Java/jre1.8.0_144/bin;C:/Program Files/Java/jre1.8.0_144/lib/amd64;D:\Python27;D:\Python27\Scripts;C:\ProgramData\Oracle\Java\javapath;C:\Program Files\Java\jdk1.8.0_144\bin;C:\Program Files\Java\jdk1.8.0_144\jre\bin;C:\Program Files (x86)\Java\jre7\bin;C:\Program Files (x86)\GtkSharp\2.12\bin;C:\Program Files\Microsoft SQL Server\110\Tools\Binn\;C:\Program Files (x86)\Microsoft SDKs\TypeScript\1.0\;C:\Program Files\Microsoft SQL Server\120\Tools\Binn\;C:\WINDOWS\system32;C:\WINDOWS;C:\WINDOWS\system32\wbem;C:\WINDOWS\system32\config\systemprofile\.dnx\bin;C:\Program Files\Microsoft DNX\Dnvm\;C:\Program Files (x86)\Windows Kits\10\Windows Performance Toolkit\;D:\AndroidSDK\sdk\tools;D:\AndroidSDK\sdk\platform-tools;D:\AndroidSDK\sdk;D:\gradle-4.3.1-bin\bin;C:\android-ndk-r10d;D:\Cocos\frameworks\cocos2d-x-3.8.1\cocos;D:\Cocos\frameworks\cocos2d-x-3.8.1\extensions;D:\Cocos\frameworks\cocos2d-x-3.8.1\external;;C:\Program Files (x86)\nodejs;C:\Program Files (x86)\VisualSVN\bin;C:\Program Files\TortoiseSVN\bin;C:\WINDOWS\System32\Wbem;C:\WINDOWS\System32\WindowsPowerShell\v1.0\;C:\usr\local\ssl\bin;C:\gnuwin32\bin;C:\gnuwin32;D:\CMake;C:\MinGW;C:\MinGW\bin;D:\Qt\Qt5.4.2\5.4\msvc2013_64_opengl;C:\usr\local\ssl;D:\Qt\Qt5.4.2\5.4\msvc2013_64_opengl\include\QtWidgets;E:\EasyClient.Net.UI\lib;C:\Program Files (x86)\VideoLAN\VLC\plugins;E:\red5-server-1.0.8-M11;C:\Program Files\Darwin Streaming Server;E:\Program Files (x86)\apache-maven-3.3.9-bin\bin;C:\Program Files (x86)\Lua\5.1;C:\Program Files (x86)\Lua\5.1\clibs;C:\Program Files (x86)\Yarn\bin;C:\Program Files\MongoDB\Server\3.4\bin;C:\Program Files (x86)\Google\Chrome\Application\;D:\apache-maven-3.5.0\bin;C:\Program Files\Common Files\Autodesk Shared\;D:\protoc-3.3.0-win32\bin;C:\Program Files\dotnet\;C:\Program Files\nodejs\;C:\Program Files\Git\cmd;C:\WINDOWS\System32\OpenSSH\;E:\Program Files\PuTTY\;C:\Ruby23\bin;D:\Cocos\frameworks\cocos2d-x-3.8.1\tools\cocos2d-console\bin;D:\Program Files\nodejs;C:\Program Files\GPAC;C:\Users\Administrator\AppData\Local\Microsoft\WindowsApps;C:\Users\Administrator\AppData\Local\Yarn\.bin;C:\Program Files (x86)\Microsoft VS Code\bin;C:\Users\Administrator\AppData\Roaming\npm;;C:\Users\Administrator\Desktop;;.]
2018-06-11 09:20:55.356  INFO 3488 --- [localhost-startStop-1] o.a.c.c.C.[Tomcat].[localhost].[/]       : Initializing Spring embedded WebApplicationContext
2018-06-11 09:20:55.572  INFO 3488 --- [localhost-startStop-1] o.s.b.w.servlet.ServletRegistrationBean  : Servlet dispatcherServlet mapped to [/]
2018-06-11 09:20:55.579  INFO 3488 --- [localhost-startStop-1] o.s.b.w.servlet.FilterRegistrationBean   : Mapping filter: 'characterEncodingFilter' to: [/*]
2018-06-11 09:20:55.580  INFO 3488 --- [localhost-startStop-1] o.s.b.w.servlet.FilterRegistrationBean   : Mapping filter: 'hiddenHttpMethodFilter' to: [/*]
2018-06-11 09:20:55.580  INFO 3488 --- [localhost-startStop-1] o.s.b.w.servlet.FilterRegistrationBean   : Mapping filter: 'httpPutFormContentFilter' to: [/*]
2018-06-11 09:20:55.581  INFO 3488 --- [localhost-startStop-1] o.s.b.w.servlet.FilterRegistrationBean   : Mapping filter: 'requestContextFilter' to: [/*]
2018-06-11 09:20:55.871  INFO 3488 --- [main] com.zaxxer.hikari.HikariDataSource       : HikariPool-1 - Starting...
2018-06-11 09:20:56.229  INFO 3488 --- [main] com.zaxxer.hikari.HikariDataSource       : HikariPool-1 - Start completed.
2018-06-11 09:20:56.285  INFO 3488 --- [main] j.LocalContainerEntityManagerFactoryBean : Building JPA container EntityManagerFactory for persistence unit 'default'
2018-06-11 09:21:00.256  INFO 3488 --- [main] j.LocalContainerEntityManagerFactoryBean : Initialized JPA EntityManagerFactory for persistence unit 'default'
2018-06-11 09:21:00.953  WARN 3488 --- [main] aWebConfiguration$JpaWebMvcConfiguration : spring.jpa.open-in-view is enabled by default. Therefore, database queries may be performed during view rendering. Explicitly configure spring.jpa.open-in-view to disable this warning
2018-06-11 09:21:01.571  INFO 3488 --- [main] o.s.j.e.a.AnnotationMBeanExporter        : Registering beans for JMX exposure on startup
2018-06-11 09:21:01.573  INFO 3488 --- [main] o.s.j.e.a.AnnotationMBeanExporter        : Bean with name 'dataSource' has been autodetected for JMX exposure
2018-06-11 09:21:01.582  INFO 3488 --- [main] o.s.j.e.a.AnnotationMBeanExporter        : Located MBean 'dataSource': registering with JMX server as MBean [com.zaxxer.hikari:name=dataSource,type=HikariDataSource]
2018-06-11 09:21:01.674  INFO 3488 --- [main] o.s.b.w.embedded.tomcat.TomcatWebServer  : Tomcat started on port(s): 8080 (http) with context path ''
2018-06-11 09:21:01.680  INFO 3488 --- [main] c.guoke.cloud.wechat.WechatApplication   : Started WechatApplication in 9.84 seconds (JVM running for 10.451)
2018-06-11 09:21:21.877  INFO 3488 --- [http-nio-8080-exec-1] o.a.c.c.C.[Tomcat].[localhost].[/]       : Initializing Spring FrameworkServlet 'dispatcherServlet'
2018-06-11 14:37:13.008  INFO 7104 --- [main] c.guoke.cloud.wechat.WechatApplication   : Starting WechatApplication on wangxiaolong with PID 7104 (G:\SpringBoot\wechat\target\classes started by Administrator in G:\SpringBoot\wechat)
2018-06-11 14:37:13.051  INFO 7104 --- [main] c.guoke.cloud.wechat.WechatApplication   : No active profile set, falling back to default profiles: default
2018-06-11 14:37:13.135  INFO 7104 --- [main] ConfigServletWebServerApplicationContext : Refreshing org.springframework.boot.web.servlet.context.AnnotationConfigServletWebServerApplicationContext@56de5251: startup date [Mon Jun 11 14:37:13 CST 2018]; root of context hierarchy
2018-06-11 14:37:15.445  INFO 7104 --- [main] trationDelegate$BeanPostProcessorChecker : Bean 'org.springframework.transaction.annotation.ProxyTransactionManagementConfiguration' of type [org.springframework.transaction.annotation.ProxyTransactionManagementConfiguration$$EnhancerBySpringCGLIB$$332dc329] is not eligible for getting processed by all BeanPostProcessors (for example: not eligible for auto-proxying)
2018-06-11 14:37:16.328  INFO 7104 --- [main] o.s.b.w.embedded.tomcat.TomcatWebServer  : Tomcat initialized with port(s): 8080 (http)
2018-06-11 14:37:16.367  INFO 7104 --- [main] o.apache.catalina.core.StandardService   : Starting service [Tomcat]
2018-06-11 14:37:16.368  INFO 7104 --- [main] org.apache.catalina.core.StandardEngine  : Starting Servlet Engine: Apache Tomcat/8.5.31
2018-06-11 14:37:16.379  INFO 7104 --- [localhost-startStop-1] o.a.catalina.core.AprLifecycleListener   : The APR based Apache Tomcat Native library which allows optimal performance in production environments was not found on the java.library.path: [C:\Program Files\Java\jre1.8.0_144\bin;C:\WINDOWS\Sun\Java\bin;C:\WINDOWS\system32;C:\WINDOWS;C:/Program Files/Java/jre1.8.0_144/bin/server;C:/Program Files/Java/jre1.8.0_144/bin;C:/Program Files/Java/jre1.8.0_144/lib/amd64;D:\Python27;D:\Python27\Scripts;C:\ProgramData\Oracle\Java\javapath;C:\Program Files\Java\jdk1.8.0_144\bin;C:\Program Files\Java\jdk1.8.0_144\jre\bin;C:\Program Files (x86)\Java\jre7\bin;C:\Program Files (x86)\GtkSharp\2.12\bin;C:\Program Files\Microsoft SQL Server\110\Tools\Binn\;C:\Program Files (x86)\Microsoft SDKs\TypeScript\1.0\;C:\Program Files\Microsoft SQL Server\120\Tools\Binn\;C:\WINDOWS\system32;C:\WINDOWS;C:\WINDOWS\system32\wbem;C:\WINDOWS\system32\config\systemprofile\.dnx\bin;C:\Program Files\Microsoft DNX\Dnvm\;C:\Program Files (x86)\Windows Kits\10\Windows Performance Toolkit\;D:\AndroidSDK\sdk\tools;D:\AndroidSDK\sdk\platform-tools;D:\AndroidSDK\sdk;D:\gradle-4.3.1-bin\bin;C:\android-ndk-r10d;D:\Cocos\frameworks\cocos2d-x-3.8.1\cocos;D:\Cocos\frameworks\cocos2d-x-3.8.1\extensions;D:\Cocos\frameworks\cocos2d-x-3.8.1\external;;C:\Program Files (x86)\nodejs;C:\Program Files (x86)\VisualSVN\bin;C:\Program Files\TortoiseSVN\bin;C:\WINDOWS\System32\Wbem;C:\WINDOWS\System32\WindowsPowerShell\v1.0\;C:\usr\local\ssl\bin;C:\gnuwin32\bin;C:\gnuwin32;D:\CMake;C:\MinGW;C:\MinGW\bin;D:\Qt\Qt5.4.2\5.4\msvc2013_64_opengl;C:\usr\local\ssl;D:\Qt\Qt5.4.2\5.4\msvc2013_64_opengl\include\QtWidgets;E:\EasyClient.Net.UI\lib;C:\Program Files (x86)\VideoLAN\VLC\plugins;E:\red5-server-1.0.8-M11;C:\Program Files\Darwin Streaming Server;E:\Program Files (x86)\apache-maven-3.3.9-bin\bin;C:\Program Files (x86)\Lua\5.1;C:\Program Files (x86)\Lua\5.1\clibs;C:\Program Files (x86)\Yarn\bin;C:\Program Files\MongoDB\Server\3.4\bin;C:\Program Files (x86)\Google\Chrome\Application\;D:\apache-maven-3.5.0\bin;C:\Program Files\Common Files\Autodesk Shared\;D:\protoc-3.3.0-win32\bin;C:\Program Files\dotnet\;C:\Program Files\nodejs\;C:\Program Files\Git\cmd;C:\WINDOWS\System32\OpenSSH\;E:\Program Files\PuTTY\;C:\Ruby23\bin;D:\Cocos\frameworks\cocos2d-x-3.8.1\tools\cocos2d-console\bin;D:\Program Files\nodejs;C:\Program Files\GPAC;C:\Users\Administrator\AppData\Local\Microsoft\WindowsApps;C:\Users\Administrator\AppData\Local\Yarn\.bin;C:\Program Files (x86)\Microsoft VS Code\bin;C:\Users\Administrator\AppData\Roaming\npm;;C:\Users\Administrator\Desktop;;.]
2018-06-11 14:37:16.543  INFO 7104 --- [localhost-startStop-1] o.a.c.c.C.[Tomcat].[localhost].[/]       : Initializing Spring embedded WebApplicationContext
2018-06-11 14:37:16.811  INFO 7104 --- [localhost-startStop-1] o.s.b.w.servlet.ServletRegistrationBean  : Servlet dispatcherServlet mapped to [/]
2018-06-11 14:37:16.818  INFO 7104 --- [localhost-startStop-1] o.s.b.w.servlet.FilterRegistrationBean   : Mapping filter: 'characterEncodingFilter' to: [/*]
2018-06-11 14:37:16.818  INFO 7104 --- [localhost-startStop-1] o.s.b.w.servlet.FilterRegistrationBean   : Mapping filter: 'hiddenHttpMethodFilter' to: [/*]
2018-06-11 14:37:16.819  INFO 7104 --- [localhost-startStop-1] o.s.b.w.servlet.FilterRegistrationBean   : Mapping filter: 'httpPutFormContentFilter' to: [/*]
2018-06-11 14:37:16.819  INFO 7104 --- [localhost-startStop-1] o.s.b.w.servlet.FilterRegistrationBean   : Mapping filter: 'requestContextFilter' to: [/*]
2018-06-11 14:37:17.157  INFO 7104 --- [main] com.zaxxer.hikari.HikariDataSource       : HikariPool-1 - Starting...
2018-06-11 14:37:17.529  INFO 7104 --- [main] com.zaxxer.hikari.HikariDataSource       : HikariPool-1 - Start completed.
2018-06-11 14:37:17.605  INFO 7104 --- [main] j.LocalContainerEntityManagerFactoryBean : Building JPA container EntityManagerFactory for persistence unit 'default'
2018-06-11 14:37:21.819  INFO 7104 --- [main] j.LocalContainerEntityManagerFactoryBean : Initialized JPA EntityManagerFactory for persistence unit 'default'
2018-06-11 14:37:22.535  WARN 7104 --- [main] aWebConfiguration$JpaWebMvcConfiguration : spring.jpa.open-in-view is enabled by default. Therefore, database queries may be performed during view rendering. Explicitly configure spring.jpa.open-in-view to disable this warning
2018-06-11 14:37:23.119  INFO 7104 --- [main] o.s.j.e.a.AnnotationMBeanExporter        : Registering beans for JMX exposure on startup
2018-06-11 14:37:23.122  INFO 7104 --- [main] o.s.j.e.a.AnnotationMBeanExporter        : Bean with name 'dataSource' has been autodetected for JMX exposure
2018-06-11 14:37:23.131  INFO 7104 --- [main] o.s.j.e.a.AnnotationMBeanExporter        : Located MBean 'dataSource': registering with JMX server as MBean [com.zaxxer.hikari:name=dataSource,type=HikariDataSource]
2018-06-11 14:37:23.243  INFO 7104 --- [main] o.s.b.w.embedded.tomcat.TomcatWebServer  : Tomcat started on port(s): 8080 (http) with context path ''
2018-06-11 14:37:23.254  INFO 7104 --- [main] c.guoke.cloud.wechat.WechatApplication   : Started WechatApplication in 11.047 seconds (JVM running for 11.835)
2018-06-11 14:42:44.789  INFO 7104 --- [http-nio-8080-exec-1] o.a.c.c.C.[Tomcat].[localhost].[/]       : Initializing Spring FrameworkServlet 'dispatcherServlet'
2018-06-11 15:08:32.936  INFO 13336 --- [main] c.guoke.cloud.wechat.WechatApplication   : Starting WechatApplication on wangxiaolong with PID 13336 (G:\SpringBoot\wechat\target\classes started by Administrator in G:\SpringBoot\wechat)
2018-06-11 15:08:32.942  INFO 13336 --- [main] c.guoke.cloud.wechat.WechatApplication   : No active profile set, falling back to default profiles: default
2018-06-11 15:08:33.090  INFO 13336 --- [main] ConfigServletWebServerApplicationContext : Refreshing org.springframework.boot.web.servlet.context.AnnotationConfigServletWebServerApplicationContext@161479c6: startup date [Mon Jun 11 15:08:33 CST 2018]; root of context hierarchy
2018-06-11 15:08:34.982  INFO 13336 --- [main] trationDelegate$BeanPostProcessorChecker : Bean 'org.springframework.transaction.annotation.ProxyTransactionManagementConfiguration' of type [org.springframework.transaction.annotation.ProxyTransactionManagementConfiguration$$EnhancerBySpringCGLIB$$50e540ac] is not eligible for getting processed by all BeanPostProcessors (for example: not eligible for auto-proxying)
2018-06-11 15:08:35.749  INFO 13336 --- [main] o.s.b.w.embedded.tomcat.TomcatWebServer  : Tomcat initialized with port(s): 8080 (http)
2018-06-11 15:08:35.791  INFO 13336 --- [main] o.apache.catalina.core.StandardService   : Starting service [Tomcat]
2018-06-11 15:08:35.791  INFO 13336 --- [main] org.apache.catalina.core.StandardEngine  : Starting Servlet Engine: Apache Tomcat/8.5.31
2018-06-11 15:08:35.802  INFO 13336 --- [localhost-startStop-1] o.a.catalina.core.AprLifecycleListener   : The APR based Apache Tomcat Native library which allows optimal performance in production environments was not found on the java.library.path: [C:\Program Files\Java\jre1.8.0_144\bin;C:\WINDOWS\Sun\Java\bin;C:\WINDOWS\system32;C:\WINDOWS;C:/Program Files/Java/jre1.8.0_144/bin/server;C:/Program Files/Java/jre1.8.0_144/bin;C:/Program Files/Java/jre1.8.0_144/lib/amd64;D:\Python27;D:\Python27\Scripts;C:\ProgramData\Oracle\Java\javapath;C:\Program Files\Java\jdk1.8.0_144\bin;C:\Program Files\Java\jdk1.8.0_144\jre\bin;C:\Program Files (x86)\Java\jre7\bin;C:\Program Files (x86)\GtkSharp\2.12\bin;C:\Program Files\Microsoft SQL Server\110\Tools\Binn\;C:\Program Files (x86)\Microsoft SDKs\TypeScript\1.0\;C:\Program Files\Microsoft SQL Server\120\Tools\Binn\;C:\WINDOWS\system32;C:\WINDOWS;C:\WINDOWS\system32\wbem;C:\WINDOWS\system32\config\systemprofile\.dnx\bin;C:\Program Files\Microsoft DNX\Dnvm\;C:\Program Files (x86)\Windows Kits\10\Windows Performance Toolkit\;D:\AndroidSDK\sdk\tools;D:\AndroidSDK\sdk\platform-tools;D:\AndroidSDK\sdk;D:\gradle-4.3.1-bin\bin;C:\android-ndk-r10d;D:\Cocos\frameworks\cocos2d-x-3.8.1\cocos;D:\Cocos\frameworks\cocos2d-x-3.8.1\extensions;D:\Cocos\frameworks\cocos2d-x-3.8.1\external;;C:\Program Files (x86)\nodejs;C:\Program Files (x86)\VisualSVN\bin;C:\Program Files\TortoiseSVN\bin;C:\WINDOWS\System32\Wbem;C:\WINDOWS\System32\WindowsPowerShell\v1.0\;C:\usr\local\ssl\bin;C:\gnuwin32\bin;C:\gnuwin32;D:\CMake;C:\MinGW;C:\MinGW\bin;D:\Qt\Qt5.4.2\5.4\msvc2013_64_opengl;C:\usr\local\ssl;D:\Qt\Qt5.4.2\5.4\msvc2013_64_opengl\include\QtWidgets;E:\EasyClient.Net.UI\lib;C:\Program Files (x86)\VideoLAN\VLC\plugins;E:\red5-server-1.0.8-M11;C:\Program Files\Darwin Streaming Server;E:\Program Files (x86)\apache-maven-3.3.9-bin\bin;C:\Program Files (x86)\Lua\5.1;C:\Program Files (x86)\Lua\5.1\clibs;C:\Program Files (x86)\Yarn\bin;C:\Program Files\MongoDB\Server\3.4\bin;C:\Program Files (x86)\Google\Chrome\Application\;D:\apache-maven-3.5.0\bin;C:\Program Files\Common Files\Autodesk Shared\;D:\protoc-3.3.0-win32\bin;C:\Program Files\dotnet\;C:\Program Files\nodejs\;C:\Program Files\Git\cmd;C:\WINDOWS\System32\OpenSSH\;E:\Program Files\PuTTY\;C:\Ruby23\bin;D:\Cocos\frameworks\cocos2d-x-3.8.1\tools\cocos2d-console\bin;D:\Program Files\nodejs;C:\Program Files\GPAC;C:\Users\Administrator\AppData\Local\Microsoft\WindowsApps;C:\Users\Administrator\AppData\Local\Yarn\.bin;C:\Program Files (x86)\Microsoft VS Code\bin;C:\Users\Administrator\AppData\Roaming\npm;;C:\Users\Administrator\Desktop;;.]
2018-06-11 15:08:35.992  INFO 13336 --- [localhost-startStop-1] o.a.c.c.C.[Tomcat].[localhost].[/]       : Initializing Spring embedded WebApplicationContext
2018-06-11 15:08:36.224  INFO 13336 --- [localhost-startStop-1] o.s.b.w.servlet.ServletRegistrationBean  : Servlet dispatcherServlet mapped to [/]
2018-06-11 15:08:36.232  INFO 13336 --- [localhost-startStop-1] o.s.b.w.servlet.FilterRegistrationBean   : Mapping filter: 'characterEncodingFilter' to: [/*]
2018-06-11 15:08:36.232  INFO 13336 --- [localhost-startStop-1] o.s.b.w.servlet.FilterRegistrationBean   : Mapping filter: 'hiddenHttpMethodFilter' to: [/*]
2018-06-11 15:08:36.233  INFO 13336 --- [localhost-startStop-1] o.s.b.w.servlet.FilterRegistrationBean   : Mapping filter: 'httpPutFormContentFilter' to: [/*]
2018-06-11 15:08:36.233  INFO 13336 --- [localhost-startStop-1] o.s.b.w.servlet.FilterRegistrationBean   : Mapping filter: 'requestContextFilter' to: [/*]
2018-06-11 15:08:36.528  INFO 13336 --- [main] com.zaxxer.hikari.HikariDataSource       : HikariPool-1 - Starting...
2018-06-11 15:08:36.882  INFO 13336 --- [main] com.zaxxer.hikari.HikariDataSource       : HikariPool-1 - Start completed.
2018-06-11 15:08:36.961  INFO 13336 --- [main] j.LocalContainerEntityManagerFactoryBean : Building JPA container EntityManagerFactory for persistence unit 'default'
2018-06-11 15:08:41.237  INFO 13336 --- [main] j.LocalContainerEntityManagerFactoryBean : Initialized JPA EntityManagerFactory for persistence unit 'default'
2018-06-11 15:08:42.022  WARN 13336 --- [main] aWebConfiguration$JpaWebMvcConfiguration : spring.jpa.open-in-view is enabled by default. Therefore, database queries may be performed during view rendering. Explicitly configure spring.jpa.open-in-view to disable this warning
2018-06-11 15:08:42.645  INFO 13336 --- [main] o.s.j.e.a.AnnotationMBeanExporter        : Registering beans for JMX exposure on startup
2018-06-11 15:08:42.647  INFO 13336 --- [main] o.s.j.e.a.AnnotationMBeanExporter        : Bean with name 'dataSource' has been autodetected for JMX exposure
2018-06-11 15:08:42.657  INFO 13336 --- [main] o.s.j.e.a.AnnotationMBeanExporter        : Located MBean 'dataSource': registering with JMX server as MBean [com.zaxxer.hikari:name=dataSource,type=HikariDataSource]
2018-06-11 15:08:42.721  INFO 13336 --- [main] o.s.b.w.embedded.tomcat.TomcatWebServer  : Tomcat started on port(s): 8080 (http) with context path ''
2018-06-11 15:08:42.728  INFO 13336 --- [main] c.guoke.cloud.wechat.WechatApplication   : Started WechatApplication in 10.437 seconds (JVM running for 11.027)
